2023-02-16 08:51:09,967 Host resolution error: [Failure instance: Traceback: <class 'TypeError'>: argument should be integer or bytes-like object, not 'str'
/usr/lib/python3/dist-packages/twisted/web/http.py:1032:requestReceived
/usr/share/sslstrip/sslstrip/ClientRequest.py:136:process
/usr/lib/python3/dist-packages/twisted/internet/defer.py:497:addCallback
/usr/lib/python3/dist-packages/twisted/internet/defer.py:477:addCallbacks
--- <exception caught here> ---
/usr/lib/python3/dist-packages/twisted/internet/defer.py:857:_runCallbacks
/usr/share/sslstrip/sslstrip/ClientRequest.py:94:handleHostResolvedSuccess
/usr/share/sslstrip/sslstrip/ClientRequest.py:70:getPathFromUri
]
2023-02-16 09:01:09,798 Host resolution error: [Failure instance: Traceback: <class 'TypeError'>: argument should be integer or bytes-like object, not 'str'
/usr/lib/python3/dist-packages/twisted/web/http.py:1032:requestReceived
/usr/share/sslstrip/sslstrip/ClientRequest.py:136:process
/usr/lib/python3/dist-packages/twisted/internet/defer.py:497:addCallback
/usr/lib/python3/dist-packages/twisted/internet/defer.py:477:addCallbacks
--- <exception caught here> ---
/usr/lib/python3/dist-packages/twisted/internet/defer.py:857:_runCallbacks
/usr/share/sslstrip/sslstrip/ClientRequest.py:94:handleHostResolvedSuccess
/usr/share/sslstrip/sslstrip/ClientRequest.py:70:getPathFromUri
]
2023-02-16 09:11:09,786 Host resolution error: [Failure instance: Traceback: <class 'TypeError'>: argument should be integer or bytes-like object, not 'str'
/usr/lib/python3/dist-packages/twisted/web/http.py:1032:requestReceived
/usr/share/sslstrip/sslstrip/ClientRequest.py:136:process
/usr/lib/python3/dist-packages/twisted/internet/defer.py:497:addCallback
/usr/lib/python3/dist-packages/twisted/internet/defer.py:477:addCallbacks
--- <exception caught here> ---
/usr/lib/python3/dist-packages/twisted/internet/defer.py:857:_runCallbacks
/usr/share/sslstrip/sslstrip/ClientRequest.py:94:handleHostResolvedSuccess
/usr/share/sslstrip/sslstrip/ClientRequest.py:70:getPathFromUri
]
2023-02-16 09:21:09,694 Host resolution error: [Failure instance: Traceback: <class 'TypeError'>: argument should be integer or bytes-like object, not 'str'
/usr/lib/python3/dist-packages/twisted/web/http.py:1032:requestReceived
/usr/share/sslstrip/sslstrip/ClientRequest.py:136:process
/usr/lib/python3/dist-packages/twisted/internet/defer.py:497:addCallback
/usr/lib/python3/dist-packages/twisted/internet/defer.py:477:addCallbacks
--- <exception caught here> ---
/usr/lib/python3/dist-packages/twisted/internet/defer.py:857:_runCallbacks
/usr/share/sslstrip/sslstrip/ClientRequest.py:94:handleHostResolvedSuccess
/usr/share/sslstrip/sslstrip/ClientRequest.py:70:getPathFromUri
]
